
> @ dev /home/node/code
> pnpm --parallel -F frontend-organiser -F frontend-respondents -F nillcc-backend dev

nillcc-backend                           |  WARN  The field "pnpm.overrides" was found in /home/node/code/nillcc-backend/package.json. This will not take effect. You should configure "pnpm.overrides" at the root of the workspace instead.
Scope: 3 of 8 workspace projects
frontend-organiser dev$ vite
frontend-respondents dev$ vite
nillcc-backend dev$ tsx watch src/main.ts
frontend-respondents dev: [dotenv@17.3.1] injecting env (24) from ../.env -- tip: 🔐 prevent committing .env to code: https://dotenvx.com/precommit
frontend-respondents dev: [dotenv@17.3.1] injecting env (0) from .env -- tip: ⚙️  load multiple .env files with { path: ['.env.local', '.env'] }
frontend-organiser dev: [dotenv@17.3.1] injecting env (24) from ../.env -- tip: 🤖 agentic secret storage: https://dotenvx.com/as2
frontend-organiser dev: [dotenv@17.3.1] injecting env (0) from .env -- tip: 🛡️ auth for agents: https://vestauth.com
frontend-organiser dev: Port 7783 is in use, trying another one...
frontend-organiser dev:   VITE v7.3.1  ready in 290 ms
frontend-organiser dev:   ➜  Local:   http://localhost:7784/
frontend-organiser dev:   ➜  Network: use --host to expose
frontend-organiser dev: [vite-plugin-static-copy] Collected 1 items.
frontend-respondents dev: Port 9999 is in use, trying another one...
frontend-respondents dev:   VITE v7.3.1  ready in 305 ms
frontend-respondents dev:   ➜  Local:   http://localhost:10000/
frontend-respondents dev:   ➜  Network: use --host to expose
frontend-respondents dev: [vite-plugin-static-copy] Collected 1 items.
nillcc-backend dev: node index loaded
nillcc-backend dev: Builder DID: did:key:zQ3shk7ayQMrKUWN5P77t9yM6UV34bcSSUy2pVnexqdziw2EM
nillcc-backend dev: Builder client initialized
nillcc-backend dev: node:events:497
nillcc-backend dev:       throw er; // Unhandled 'error' event
nillcc-backend dev:       ^
nillcc-backend dev: Error: listen EADDRINUSE: address already in use :::8081
nillcc-backend dev:     at Server.setupListenHandle [as _listen2] (node:net:1940:16)
nillcc-backend dev:     at listenInCluster (node:net:1997:12)
nillcc-backend dev:     at Server.listen (node:net:2102:7)
nillcc-backend dev:     at Function.listen (/home/node/code/node_modules/.pnpm/express@4.22.1/node_modules/express/lib/application.js:635:24)
nillcc-backend dev:     at startServer (/home/node/code/nillcc-backend/src/main.ts:276:13)
nillcc-backend dev:     at <anonymous> (/home/node/code/nillcc-backend/src/main.ts:285:1)
nillcc-backend dev:     at process.processTicksAndRejections (node:internal/process/task_queues:103:5)
nillcc-backend dev: Emitted 'error' event on Server instance at:
nillcc-backend dev:     at emitErrorNT (node:net:1976:8)
nillcc-backend dev:     at process.processTicksAndRejections (node:internal/process/task_queues:89:21) {
nillcc-backend dev:   code: 'EADDRINUSE',
nillcc-backend dev:   errno: -98,
nillcc-backend dev:   syscall: 'listen',
nillcc-backend dev:   address: '::',
nillcc-backend dev:   port: 8081
nillcc-backend dev: }
nillcc-backend dev: Node.js v22.22.2
frontend-organiser dev: Failed
/home/node/code/frontend-organiser:
 ERR_PNPM_RECURSIVE_RUN_FIRST_FAIL  @s3ntiment/frontend-organiser@1.0.0 dev: `vite`
Command failed with signal "SIGINT"
nillcc-backend dev: Failed
frontend-respondents dev: Failed
 ELIFECYCLE  Command failed.
