
> @ dev /home/node/code
> pnpm --parallel -F frontend-organiser -F frontend-respondents -F nillcc-backend dev

nillcc-backend                           |  WARN  The field "pnpm.overrides" was found in /home/node/code/nillcc-backend/package.json. This will not take effect. You should configure "pnpm.overrides" at the root of the workspace instead.
Scope: 3 of 8 workspace projects
frontend-organiser dev$ vite
frontend-respondents dev$ vite
nillcc-backend dev$ tsx watch src/main.ts
frontend-respondents dev: [dotenv@17.3.1] injecting env (24) from ../.env -- tip: ⚙️  suppress all logs with { quiet: true }
frontend-respondents dev: [dotenv@17.3.1] injecting env (0) from .env -- tip: 🔐 prevent building .env in docker: https://dotenvx.com/prebuild
frontend-organiser dev: [dotenv@17.3.1] injecting env (24) from ../.env -- tip: ⚙️  override existing env vars with { override: true }
frontend-organiser dev: [dotenv@17.3.1] injecting env (0) from .env -- tip: 🔐 prevent committing .env to code: https://dotenvx.com/precommit
frontend-respondents dev:   VITE v7.3.1  ready in 269 ms
frontend-respondents dev:   ➜  Local:   http://localhost:9999/
frontend-respondents dev:   ➜  Network: use --host to expose
frontend-respondents dev: [vite-plugin-static-copy] Collected 1 items.
frontend-organiser dev:   VITE v7.3.1  ready in 274 ms
frontend-organiser dev:   ➜  Local:   http://localhost:7783/
frontend-organiser dev:   ➜  Network: use --host to expose
frontend-organiser dev: [vite-plugin-static-copy] Collected 1 items.
nillcc-backend dev: node index loaded
nillcc-backend dev: Builder DID: did:key:zQ3shk7ayQMrKUWN5P77t9yM6UV34bcSSUy2pVnexqdziw2EM
nillcc-backend dev: Builder client initialized
nillcc-backend dev: server running at 8081
 ELIFECYCLE  Command failed.
